<?xml version="1.0" encoding="UTF-8"?>
<testsuite xmlns:xsi="http://www.w3.org/2001/XMLSchema-instance" xsi:noNamespaceSchemaLocation="https://maven.apache.org/surefire/maven-surefire-plugin/xsd/surefire-test-report-3.0.xsd" version="3.0" name="math.ArithmeticOperationsTest" time="0.022" tests="22" errors="0" skipped="0" failures="0">
  <properties>
[...]
</properties>
  <testcase name="multiply_zeroXZeroY" classname="math.ArithmeticOperationsTest" time="0.001"/>
  <testcase name="divide_large_numbers" classname="math.ArithmeticOperationsTest" time="0.001"/>
  <testcase name="multiply_smallNumbers" classname="math.ArithmeticOperationsTest" time="0.001"/>
  <testcase name="multiply_negativeY_throwsIllegalArgumentException" classname="math.ArithmeticOperationsTest" time="0.0"/>
  <testcase name="multiply_positiveX_zeroY" classname="math.ArithmeticOperationsTest" time="0.0"/>
  <testcase name="multiply_xTooLargeForY_throwsOverflowException" classname="math.ArithmeticOperationsTest" time="0.0"/>
  <testcase name="divide_both_negative_numbers" classname="math.ArithmeticOperationsTest" time="0.0"/>
  <testcase name="divide_by_negative_one" classname="math.ArithmeticOperationsTest" time="0.0"/>
  <testcase name="multiply_oneAndMaxValue" classname="math.ArithmeticOperationsTest" time="0.001"/>
  <testcase name="divide_numerator_zero" classname="math.ArithmeticOperationsTest" time="0.001"/>
  <testcase name="divideDenominatorZero" classname="math.ArithmeticOperationsTest" time="0.001"/>
  <testcase name="divide_negative_numerator_positive_denominator" classname="math.ArithmeticOperationsTest" time="0.001"/>
  <testcase name="multiply_zeroX_positiveY" classname="math.ArithmeticOperationsTest" time="0.0"/>
  <testcase name="divide_fractional_numbers" classname="math.ArithmeticOperationsTest" time="0.001"/>
  <testcase name="multiply_negativeX_throwsIllegalArgumentException" classname="math.ArithmeticOperationsTest" time="0.001"/>
  <testcase name="multiply_yTooLargeForX_throwsOverflowException" classname="math.ArithmeticOperationsTest" time="0.001"/>
  <testcase name="divide_by_one" classname="math.ArithmeticOperationsTest" time="0.0"/>
  <testcase name="multiply_boundarySquareNumbers" classname="math.ArithmeticOperationsTest" time="0.0"/>
  <testcase name="divide_positive_numerator_negative_denominator" classname="math.ArithmeticOperationsTest" time="0.0"/>
  <testcase name="divide_small_numbers" classname="math.ArithmeticOperationsTest" time="0.001"/>
  <testcase name="divide_positive_numbers" classname="math.ArithmeticOperationsTest" time="0.001"/>
  <testcase name="multiply_bothNegative_throwsIllegalArgumentException" classname="math.ArithmeticOperationsTest" time="0.001"/>
</testsuite>